<?xml version="1.0" encoding="UTF-8"?>
<testng-results skipped="0" failed="0" total="1" passed="1">
  <reporter-output>
  </reporter-output>
  <suite name="Default suite" duration-ms="64281" started-at="2020-01-26T03:11:25Z" finished-at="2020-01-26T03:12:29Z">
    <groups>
    </groups>
    <test name="Default test" duration-ms="64281" started-at="2020-01-26T03:11:25Z" finished-at="2020-01-26T03:12:29Z">
      <class name="TestCases.Login">
        <test-method status="PASS" signature="tc_01()[pri:0, instance:TestCases.Login@544fe44c]" name="tc_01" duration-ms="63595" started-at="2020-01-26T08:41:25Z" finished-at="2020-01-26T08:42:28Z">
          <reporter-output>
          </reporter-output>
        </test-method> <!-- tc_01 -->
        <test-method status="PASS" signature="closeBrowser()[pri:0, instance:TestCases.Login@544fe44c]" name="closeBrowser" is-config="true" duration-ms="655" started-at="2020-01-26T08:42:28Z" finished-at="2020-01-26T08:42:29Z">
          <reporter-output>
          </reporter-output>
        </test-method> <!-- closeBrowser -->
      </class> <!-- TestCases.Login -->
    </test> <!-- Default test -->
  </suite> <!-- Default suite -->
</testng-results>
